<?xml version="1.0" encoding="UTF-8"?>
<!-- Generated by org.testng.reporters.JUnitReportReporter -->
<testsuite hostname="DESKTOP-94C7KG0" failures="0" tests="1" name="TestNGClass" time="0.009" errors="0" timestamp="2022-10-02T18:51:13 IST" skipped="0">
  <testcase classname="TestNGClass" name="test123" time="0.009"/>
  <system-out/>
</testsuite> <!-- TestNGClass -->
